0 info it worked if it ends with ok
1 verbose cli [ 'node', '/usr/local/bin/npm', 'install', 'ngrok', '-g' ]
2 info using npm@1.4.28
3 info using node@v0.10.32
4 verbose cache add [ 'ngrok', null ]
5 verbose cache add name=undefined spec="ngrok" args=["ngrok",null]
6 verbose parsed url { protocol: null,
6 verbose parsed url   slashes: null,
6 verbose parsed url   auth: null,
6 verbose parsed url   host: null,
6 verbose parsed url   port: null,
6 verbose parsed url   hostname: null,
6 verbose parsed url   hash: null,
6 verbose parsed url   search: null,
6 verbose parsed url   query: null,
6 verbose parsed url   pathname: 'ngrok',
6 verbose parsed url   path: 'ngrok',
6 verbose parsed url   href: 'ngrok' }
7 silly lockFile 893a9e06-ngrok ngrok
8 verbose lock ngrok /Users/spencerwise/.npm/893a9e06-ngrok.lock
9 silly lockFile 893a9e06-ngrok ngrok
10 silly lockFile 893a9e06-ngrok ngrok
11 verbose addNamed [ 'ngrok', '' ]
12 verbose addNamed [ null, '*' ]
13 silly lockFile ccf7dd4b-ngrok ngrok@
14 verbose lock ngrok@ /Users/spencerwise/.npm/ccf7dd4b-ngrok.lock
15 silly addNameRange { name: 'ngrok', range: '*', hasData: false }
16 verbose request where is /ngrok
17 verbose request registry https://registry.npmjs.org/
18 verbose request id 668c3306526db29b
19 verbose url raw /ngrok
20 verbose url resolving [ 'https://registry.npmjs.org/', './ngrok' ]
21 verbose url resolved https://registry.npmjs.org/ngrok
22 verbose request where is https://registry.npmjs.org/ngrok
23 info trying registry request attempt 1 at 22:02:57
24 http GET https://registry.npmjs.org/ngrok
25 http 200 https://registry.npmjs.org/ngrok
26 silly registry.get cb [ 200,
26 silly registry.get   { date: 'Fri, 06 Feb 2015 05:02:57 GMT',
26 silly registry.get     server: 'CouchDB/1.5.0 (Erlang OTP/R16B03)',
26 silly registry.get     etag: '"F3ZIS36SBSZD3UO75X6SPT75B"',
26 silly registry.get     'content-type': 'application/json',
26 silly registry.get     'cache-control': 'max-age=60',
26 silly registry.get     'content-length': '21659',
26 silly registry.get     'accept-ranges': 'bytes',
26 silly registry.get     via: '1.1 varnish',
26 silly registry.get     age: '0',
26 silly registry.get     'x-served-by': 'cache-ord1726-ORD',
26 silly registry.get     'x-cache': 'MISS',
26 silly registry.get     'x-cache-hits': '0',
26 silly registry.get     'x-timer': 'S1423198977.947720,VS0,VE28',
26 silly registry.get     vary: 'Accept',
26 silly registry.get     'keep-alive': 'timeout=10, max=50',
26 silly registry.get     connection: 'Keep-Alive' } ]
27 silly addNameRange number 2 { name: 'ngrok', range: '*', hasData: true }
28 silly addNameRange versions [ 'ngrok',
28 silly addNameRange   [ '0.1.0',
28 silly addNameRange     '0.1.1',
28 silly addNameRange     '0.1.2',
28 silly addNameRange     '0.1.3',
28 silly addNameRange     '0.1.4',
28 silly addNameRange     '0.1.5',
28 silly addNameRange     '0.1.6',
28 silly addNameRange     '0.1.7',
28 silly addNameRange     '0.1.8',
28 silly addNameRange     '0.1.9',
28 silly addNameRange     '0.1.91',
28 silly addNameRange     '0.1.92',
28 silly addNameRange     '0.1.93',
28 silly addNameRange     '0.1.94',
28 silly addNameRange     '0.1.95',
28 silly addNameRange     '0.1.96',
28 silly addNameRange     '0.1.97',
28 silly addNameRange     '0.1.98' ] ]
29 verbose addNamed [ 'ngrok', '0.1.98' ]
30 verbose addNamed [ '0.1.98', '0.1.98' ]
31 silly lockFile c593a582-ngrok-0-1-98 ngrok@0.1.98
32 verbose lock ngrok@0.1.98 /Users/spencerwise/.npm/c593a582-ngrok-0-1-98.lock
33 silly lockFile 95f1bbbc-npmjs-org-ngrok-ngrok-0-1-98-tgz https://registry.npmjs.org/ngrok/-/ngrok-0.1.98.tgz
34 verbose lock https://registry.npmjs.org/ngrok/-/ngrok-0.1.98.tgz /Users/spencerwise/.npm/95f1bbbc-npmjs-org-ngrok-ngrok-0-1-98-tgz.lock
35 verbose addRemoteTarball [ 'https://registry.npmjs.org/ngrok/-/ngrok-0.1.98.tgz',
35 verbose addRemoteTarball   '109635c1fb1092e17f5beda1a87a67baf04e3d2b' ]
36 info retry fetch attempt 1 at 22:02:58
37 verbose fetch to= /var/folders/28/ch1y9sm11bsct7q9y29k7x480000gn/T/npm-13423-MM1JyAXv/registry.npmjs.org/ngrok/-/ngrok-0.1.98.tgz
38 http GET https://registry.npmjs.org/ngrok/-/ngrok-0.1.98.tgz
39 http 200 https://registry.npmjs.org/ngrok/-/ngrok-0.1.98.tgz
40 silly lockFile 95f1bbbc-npmjs-org-ngrok-ngrok-0-1-98-tgz https://registry.npmjs.org/ngrok/-/ngrok-0.1.98.tgz
41 silly lockFile 95f1bbbc-npmjs-org-ngrok-ngrok-0-1-98-tgz https://registry.npmjs.org/ngrok/-/ngrok-0.1.98.tgz
42 silly lockFile c593a582-ngrok-0-1-98 ngrok@0.1.98
43 silly lockFile c593a582-ngrok-0-1-98 ngrok@0.1.98
44 silly lockFile ccf7dd4b-ngrok ngrok@
45 silly lockFile ccf7dd4b-ngrok ngrok@
46 silly resolved [ { name: 'ngrok',
46 silly resolved     version: '0.1.98',
46 silly resolved     description: 'node wrapper for ngrok',
46 silly resolved     main: 'index.js',
46 silly resolved     scripts:
46 silly resolved      { test: 'node ./node_modules/mocha/bin/_mocha',
46 silly resolved        postinstall: 'node ./postinstall.js',
46 silly resolved        postupdate: 'node ./postinstall.js' },
46 silly resolved     repository: { type: 'git', url: 'git://github.com/bubenshchykov/ngrok.git' },
46 silly resolved     keywords: [ 'ngrok', 'localhost', 'tunneling', 'localtunnel', 'webhook' ],
46 silly resolved     author: { name: 'bubenshchykov' },
46 silly resolved     license: 'BSD-2-Clause',
46 silly resolved     bugs: { url: 'https://github.com/bubenshchykov/ngrok/issues' },
46 silly resolved     devDependencies: { mocha: '~1.14.0', chai: '~1.8.1', request: '~2.27.0' },
46 silly resolved     dependencies: { 'decompress-zip': '0.0.7' },
46 silly resolved     bin: { ngrok: './bin/ngrok' },
46 silly resolved     homepage: 'https://github.com/bubenshchykov/ngrok',
46 silly resolved     _id: 'ngrok@0.1.98',
46 silly resolved     dist:
46 silly resolved      { shasum: '109635c1fb1092e17f5beda1a87a67baf04e3d2b',
46 silly resolved        tarball: 'http://registry.npmjs.org/ngrok/-/ngrok-0.1.98.tgz' },
46 silly resolved     _from: 'ngrok@',
46 silly resolved     _npmVersion: '1.4.3',
46 silly resolved     _npmUser: { name: 'bubenshchykov', email: 'a.bubenshchykov@gmail.com' },
46 silly resolved     maintainers: [ [Object] ],
46 silly resolved     directories: {},
46 silly resolved     _shasum: '109635c1fb1092e17f5beda1a87a67baf04e3d2b',
46 silly resolved     _resolved: 'https://registry.npmjs.org/ngrok/-/ngrok-0.1.98.tgz' } ]
47 info install ngrok@0.1.98 into /usr/local/lib
48 info installOne ngrok@0.1.98
49 verbose lib/node_modules/ngrok unbuild
50 verbose tar unpack /Users/spencerwise/.npm/ngrok/0.1.98/package.tgz
51 silly lockFile 2b350bb0-usr-local-lib-node-modules-ngrok tar:///usr/local/lib/node_modules/ngrok
52 verbose lock tar:///usr/local/lib/node_modules/ngrok /Users/spencerwise/.npm/2b350bb0-usr-local-lib-node-modules-ngrok.lock
53 silly lockFile 71715930-ise-npm-ngrok-0-1-98-package-tgz tar:///Users/spencerwise/.npm/ngrok/0.1.98/package.tgz
54 verbose lock tar:///Users/spencerwise/.npm/ngrok/0.1.98/package.tgz /Users/spencerwise/.npm/71715930-ise-npm-ngrok-0-1-98-package-tgz.lock
55 silly gunzTarPerm modes [ '755', '644' ]
56 error Error: EACCES, mkdir '/usr/local/lib/node_modules/ngrok'
56 error  { [Error: EACCES, mkdir '/usr/local/lib/node_modules/ngrok']
56 error   errno: 3,
56 error   code: 'EACCES',
56 error   path: '/usr/local/lib/node_modules/ngrok',
56 error   fstream_type: 'Directory',
56 error   fstream_path: '/usr/local/lib/node_modules/ngrok',
56 error   fstream_class: 'DirWriter',
56 error   fstream_stack:
56 error    [ '/usr/local/lib/node_modules/npm/node_modules/fstream/lib/dir-writer.js:36:23',
56 error      '/usr/local/lib/node_modules/npm/node_modules/mkdirp/index.js:46:53',
56 error      'Object.oncomplete (fs.js:107:15)' ] }
57 error Please try running this command again as root/Administrator.
58 error System Darwin 14.1.0
59 error command "node" "/usr/local/bin/npm" "install" "ngrok" "-g"
60 error cwd /Users/spencerwise/Dropbox/projects:builds/cs
61 error node -v v0.10.32
62 error npm -v 1.4.28
63 error path /usr/local/lib/node_modules/ngrok
64 error fstream_path /usr/local/lib/node_modules/ngrok
65 error fstream_type Directory
66 error fstream_class DirWriter
67 error code EACCES
68 error errno 3
69 error stack Error: EACCES, mkdir '/usr/local/lib/node_modules/ngrok'
70 error fstream_stack /usr/local/lib/node_modules/npm/node_modules/fstream/lib/dir-writer.js:36:23
70 error fstream_stack /usr/local/lib/node_modules/npm/node_modules/mkdirp/index.js:46:53
70 error fstream_stack Object.oncomplete (fs.js:107:15)
71 verbose exit [ 3, true ]
